INFO:root:MarketResearcher \u27a1\ufe0f FarmerAdvisor: Suggest crops for 2.5 hectares loamy soil.
INFO:root:FarmerAdvisor \u2b05\ufe0f MarketResearcher: Suggest crops for 2.5 hectares loamy soil.
INFO:root:FarmerAdvisor \u27a1\ufe0f MarketResearcher: What are current price trends?
INFO:root:MarketResearcher \u2b05\ufe0f FarmerAdvisor: What are current price trends?
INFO:root:FarmerAdvisor \u27a1\ufe0f MarketResearcher: Suggest profitable crop based on current market trends
INFO:root:MarketResearcher \u2b05\ufe0f FarmerAdvisor: Suggest profitable crop based on current market trends
INFO:root:MarketResearcher \u27a1\ufe0f FarmerAdvisor: Crop recommendation: Maize based on demand and pricing
INFO:root:FarmerAdvisor \u2b05\ufe0f MarketResearcher: Crop recommendation: Maize based on demand and pricing
INFO:root:MarketResearcher \u27a1\ufe0f FarmerAdvisor: Suggest crops for 2.5 hectares loamy soil.
INFO:root:FarmerAdvisor \u2b05\ufe0f MarketResearcher: Suggest crops for 2.5 hectares loamy soil.
INFO:root:FarmerAdvisor \u27a1\ufe0f MarketResearcher: What are current price trends?
INFO:root:MarketResearcher \u2b05\ufe0f FarmerAdvisor: What are current price trends?
INFO:root:MarketResearcher \u27a1\ufe0f FarmerAdvisor: Suggest crops for 2.5 hectares black soil.
INFO:root:FarmerAdvisor \u2b05\ufe0f MarketResearcher: Suggest crops for 2.5 hectares black soil.
INFO:root:FarmerAdvisor \u27a1\ufe0f MarketResearcher: What are current price trends?
INFO:root:MarketResearcher \u2b05\ufe0f FarmerAdvisor: What are current price trends?
INFO:numexpr.utils:NumExpr defaulting to 8 threads.
INFO:root:Initializing FarmerAdvisor agent
INFO:root:Loaded 10000 farm records
INFO:root:Initializing MarketResearcher agent
INFO:root:Loaded 10000 market records
INFO:root:FarmerAdvisor processing message: Recommend crops for soil pH 6.5
INFO:root:FarmerAdvisor processing message: Recommend crops for soil pH 7.2
INFO:root:MarketResearcher processing message: What are the most profitable crops now?
INFO:root:FarmerAdvisor \u27a1\ufe0f MarketResearcher: Suggest profitable crop based on current market trends
INFO:root:MarketResearcher \u2b05\ufe0f FarmerAdvisor: Suggest profitable crop based on current market trends
INFO:root:MarketResearcher processing message: Suggest profitable crop based on current market trends
INFO:root:MarketResearcher \u27a1\ufe0f FarmerAdvisor: Crop recommendation: Maize based on demand and pricing
INFO:root:FarmerAdvisor \u2b05\ufe0f MarketResearcher: Crop recommendation: Maize based on demand and pricing
INFO:root:FarmerAdvisor processing message: Crop recommendation: Maize based on demand and pricing
INFO:root:FarmerAdvisor \u27a1\ufe0f MarketResearcher: What's the price forecast for Maize?
INFO:root:MarketResearcher \u2b05\ufe0f FarmerAdvisor: What's the price forecast for Maize?
INFO:root:MarketResearcher processing message: What's the price forecast for Maize?
INFO:root:MarketResearcher processing message: What's the price forecast for Maize?
INFO:numexpr.utils:NumExpr defaulting to 8 threads.
INFO:root:Initializing FarmerAdvisor agent
INFO:root:Loaded 10000 farm records
INFO:root:Initializing MarketResearcher agent
INFO:root:Loaded 10000 market records
INFO:root:FarmerAdvisor processing message: Recommend crops for soil pH 6.5
INFO:root:FarmerAdvisor processing message: Recommend crops for soil pH 7.2
INFO:root:MarketResearcher processing message: What are the most profitable crops now?
INFO:root:FarmerAdvisor \u27a1\ufe0f MarketResearcher: Suggest profitable crop based on current market trends
INFO:root:MarketResearcher \u2b05\ufe0f FarmerAdvisor: Suggest profitable crop based on current market trends
INFO:root:MarketResearcher processing message: Suggest profitable crop based on current market trends
INFO:root:MarketResearcher \u27a1\ufe0f FarmerAdvisor: Crop recommendation: Maize based on demand and pricing
INFO:root:FarmerAdvisor \u2b05\ufe0f MarketResearcher: Crop recommendation: Maize based on demand and pricing
INFO:root:FarmerAdvisor processing message: Crop recommendation: Maize based on demand and pricing
INFO:root:FarmerAdvisor \u27a1\ufe0f MarketResearcher: What's the price forecast for Maize?
INFO:root:MarketResearcher \u2b05\ufe0f FarmerAdvisor: What's the price forecast for Maize?
INFO:root:MarketResearcher processing message: What's the price forecast for Maize?
INFO:root:MarketResearcher processing message: What's the price forecast for Maize?
INFO:numexpr.utils:NumExpr defaulting to 8 threads.
INFO:root:Initializing FarmerAdvisor agent
INFO:root:Loaded 10000 farm records
INFO:root:Initializing MarketResearcher agent
INFO:root:Loaded 10000 market records
INFO:root:FarmerAdvisor processing message: Recommend crops for soil pH 6.5
INFO:root:FarmerAdvisor processing message: Recommend crops for soil pH 7.2
INFO:root:FarmerAdvisor processing message: I have sandy loam soil with pH 6.8. What crops should I consider?
INFO:root:FarmerAdvisor \u27a1\ufe0f MarketResearcher: Which of these crops have the best market outlook: Corn, Rice, Soybean?
INFO:root:MarketResearcher \u2b05\ufe0f FarmerAdvisor: Which of these crops have the best market outlook: Corn, Rice, Soybean?
INFO:root:MarketResearcher processing message: Which of these crops have the best market outlook: Corn, Rice, Soybean?
INFO:root:Initializing FarmerAdvisor agent
INFO:root:Loaded 10000 farm records
INFO:root:Initializing MarketResearcher agent
INFO:root:Loaded 10000 market records
INFO:root:FarmerAdvisor processing message: Recommend crops for soil pH 6.5
INFO:root:FarmerAdvisor processing message: Recommend crops for soil pH 7.2
INFO:root:FarmerAdvisor processing message: I have sandy loam soil with pH 6.8. What crops should I consider?
INFO:root:FarmerAdvisor \u27a1\ufe0f MarketResearcher: Which of these crops have the best market outlook: Corn, Rice, Soybean?
INFO:root:MarketResearcher \u2b05\ufe0f FarmerAdvisor: Which of these crops have the best market outlook: Corn, Rice, Soybean?
INFO:root:MarketResearcher processing message: Which of these crops have the best market outlook: Corn, Rice, Soybean?
INFO:root:Initializing FarmerAdvisor agent
INFO:root:Loaded 10000 farm records
INFO:root:Initializing MarketResearcher agent
INFO:root:Loaded 10000 market records
INFO:root:FarmerAdvisor processing message: Recommend crops for soil pH 6.5
INFO:root:Extracted soil pH: 6.5 from message: Recommend crops for soil pH 6.5
INFO:root:FarmerAdvisor processing message: Recommend crops for soil pH 7.2
INFO:root:Extracted soil pH: 7.2 from message: Recommend crops for soil pH 7.2
INFO:root:FarmerAdvisor processing message: I have sandy loam soil with pH 6.8. What crops should I consider?
INFO:root:FarmerAdvisor \u27a1\ufe0f MarketResearcher: Which of these crops have the best market outlook: Corn, Rice, Soybean?
INFO:root:MarketResearcher \u2b05\ufe0f FarmerAdvisor: Which of these crops have the best market outlook: Corn, Rice, Soybean?
INFO:root:MarketResearcher processing message: Which of these crops have the best market outlook: Corn, Rice, Soybean?
INFO:root:Initializing FarmerAdvisor agent
INFO:root:Loaded 10000 farm records
INFO:root:Initializing MarketResearcher agent
INFO:root:Loaded 10000 market records
INFO:root:FarmerAdvisor processing message: Recommend crops for soil pH 6.5
INFO:root:Extracted soil pH: 6.5 from message: Recommend crops for soil pH 6.5
INFO:root:FarmerAdvisor processing message: Recommend crops for soil pH 7.2
INFO:root:Extracted soil pH: 7.2 from message: Recommend crops for soil pH 7.2
INFO:root:FarmerAdvisor processing message: I have sandy loam soil with pH 6.8. What crops should I consider?
INFO:root:FarmerAdvisor \u27a1\ufe0f MarketResearcher: Which of these crops have the best market outlook: Corn, Rice, Soybean?
INFO:root:MarketResearcher \u2b05\ufe0f FarmerAdvisor: Which of these crops have the best market outlook: Corn, Rice, Soybean?
INFO:root:MarketResearcher processing message: Which of these crops have the best market outlook: Corn, Rice, Soybean?
INFO:root:Initializing FarmerAdvisor agent
INFO:root:Loaded 10000 farm records
INFO:root:Initializing MarketResearcher agent
INFO:root:Loaded 10000 market records
INFO:root:FarmerAdvisor processing message: Recommend crops for soil pH 6.5
INFO:root:Extracted soil pH: 6.5 from message: Recommend crops for soil pH 6.5
INFO:root:FarmerAdvisor processing message: Recommend crops for soil pH 7.2
INFO:root:Extracted soil pH: 7.2 from message: Recommend crops for soil pH 7.2
INFO:root:FarmerAdvisor processing message: I have sandy loam soil with pH 6.8. What crops should I consider?
INFO:root:FarmerAdvisor \u27a1\ufe0f MarketResearcher: Which of these crops have the best market outlook: Corn, Rice, Soybean?
INFO:root:MarketResearcher \u2b05\ufe0f FarmerAdvisor: Which of these crops have the best market outlook: Corn, Rice, Soybean?
INFO:root:MarketResearcher processing message: Which of these crops have the best market outlook: Corn, Rice, Soybean?
INFO:root:Initializing FarmerAdvisor agent
INFO:root:Loaded 10000 farm records
INFO:root:Initializing MarketResearcher agent
INFO:root:Loaded 10000 market records
INFO:root:FarmerAdvisor processing message: Recommend crops for soil pH 6.5
INFO:root:Extracted soil pH: 6.5 from message: Recommend crops for soil pH 6.5
INFO:root:FarmerAdvisor processing message: Recommend crops for soil pH 7.2
INFO:root:Extracted soil pH: 7.2 from message: Recommend crops for soil pH 7.2
INFO:root:FarmerAdvisor processing message: I have sandy loam soil with pH 6.8. What crops should I consider?
INFO:root:FarmerAdvisor \u27a1\ufe0f MarketResearcher: Which of these crops have the best market outlook: Corn, Rice, Soybean?
INFO:root:MarketResearcher \u2b05\ufe0f FarmerAdvisor: Which of these crops have the best market outlook: Corn, Rice, Soybean?
INFO:root:MarketResearcher processing message: Which of these crops have the best market outlook: Corn, Rice, Soybean?
INFO:root:Initializing FarmerAdvisor agent
INFO:root:Loaded 10000 farm records
INFO:root:Initializing MarketResearcher agent
INFO:root:Loaded 10000 market records
INFO:root:Initializing FarmerAdvisor agent
INFO:root:Loaded 10000 farm records
INFO:root:Initializing MarketResearcher agent
INFO:root:Loaded 10000 market records
INFO:root:Initializing FarmerAdvisor agent
INFO:root:Loaded 10000 farm records
INFO:root:Initializing MarketResearcher agent
INFO:root:Loaded 10000 market records
INFO:root:Initializing FarmerAdvisor agent
INFO:root:Loaded 10000 farm records
INFO:root:Initializing MarketResearcher agent
INFO:root:Loaded 10000 market records
INFO:root:Initializing FarmerAdvisor agent
INFO:root:Loaded 10000 farm records
INFO:root:Initializing MarketResearcher agent
INFO:root:Loaded 10000 market records
INFO:root:Initializing FarmerAdvisor agent
INFO:root:Loaded 10000 farm records
INFO:root:Initializing MarketResearcher agent
INFO:root:Loaded 10000 market records
INFO:root:Initializing FarmerAdvisor agent
INFO:root:Loaded 10000 farm records
INFO:root:Initializing MarketResearcher agent
INFO:root:Loaded 10000 market records
INFO:root:Initializing FarmerAdvisor agent
INFO:root:Loaded 10000 farm records
INFO:root:Initializing MarketResearcher agent
INFO:root:Loaded 10000 market records
INFO:root:Initializing FarmerAdvisor agent
INFO:root:Loaded 10000 farm records
INFO:root:Initializing MarketResearcher agent
INFO:root:Loaded 10000 market records
INFO:root:Initializing FarmerAdvisor agent
INFO:root:Loaded 10000 farm records
INFO:root:Initializing MarketResearcher agent
INFO:root:Loaded 10000 market records
INFO:root:FarmerAdvisor processing message: {'type': 'crop_advice', 'area': 'Warangal', 'season': 'Kharif', 'crop': 'Maize'}
INFO:root:Initializing FarmerAdvisor agent
INFO:root:Loaded 10000 farm records
INFO:root:Initializing MarketResearcher agent
INFO:root:Loaded 10000 market records
INFO:root:FarmerAdvisor processing message: 
INFO:root:MarketResearcher processing message: 
INFO:root:Initializing FarmerAdvisor agent
INFO:root:Loaded 10000 farm records
INFO:root:Initializing MarketResearcher agent
INFO:root:Loaded 10000 market records
INFO:root:FarmerAdvisor processing message: Can you recommend a suitable crop for soil pH 6.2 and average rainfall?
INFO:root:MarketResearcher processing message: Can you recommend a suitable crop for soil pH 6.2 and average rainfall?
INFO:root:Initializing FarmerAdvisor agent
INFO:root:Loaded 10000 farm records
INFO:root:Initializing MarketResearcher agent
INFO:root:Loaded 10000 market records
INFO:root:Initializing FarmerAdvisor agent
INFO:root:Loaded 10000 farm records
INFO:root:Initializing MarketResearcher agent
INFO:root:Loaded 10000 market records
INFO:root:FarmerAdvisor processing message: Can you recommend a suitable crop for soil pH 6.2 and average rainfall?
INFO:root:MarketResearcher processing message: Can you recommend a suitable crop for soil pH 6.2 and average rainfall?
INFO:root:Initializing FarmerAdvisor agent
INFO:root:Loaded 10000 farm records
INFO:root:Initializing MarketResearcher agent
INFO:root:Loaded 10000 market records
INFO:root:FarmerAdvisor processing message: Can you recommend a suitable crop for soil pH 6.2 and average rainfall?
INFO:root:MarketResearcher processing message: Can you recommend a suitable crop for soil pH 6.2 and average rainfall?
INFO:root:Initializing FarmerAdvisor agent
INFO:root:Loaded 10000 farm records
INFO:root:Initializing MarketResearcher agent
INFO:root:Loaded 10000 market records
INFO:root:FarmerAdvisor processing message: Can you recommend a suitable crop for soil pH 6.2 and average rainfall?
INFO:root:MarketResearcher processing message: Can you recommend a suitable crop for soil pH 6.2 and average rainfall?
INFO:root:Initializing FarmerAdvisor agent
INFO:root:Loaded 10000 farm records
INFO:root:Initializing MarketResearcher agent
INFO:root:Loaded 10000 market records
INFO:root:FarmerAdvisor processing message: Can you recommend a suitable crop for soil pH 6.2 and average rainfall?
INFO:root:MarketResearcher processing message: Can you recommend a suitable crop for soil pH 6.2 and average rainfall?
INFO:root:Initializing FarmerAdvisor agent
INFO:root:Loaded 10000 farm records
INFO:root:Initializing MarketResearcher agent
INFO:root:Loaded 10000 market records
INFO:root:FarmerAdvisor processing message: 
INFO:root:MarketResearcher processing message: 
INFO:root:Initializing FarmerAdvisor agent
INFO:root:Loaded 10000 farm records
INFO:root:Initializing MarketResearcher agent
INFO:root:Loaded 10000 market records
INFO:root:Initializing FarmerAdvisor agent
INFO:root:Loaded 10000 farm records
INFO:root:Initializing MarketResearcher agent
INFO:root:Loaded 10000 market records
INFO:root:FarmerAdvisor processing message: 
INFO:root:MarketResearcher processing message: 
INFO:root:Initializing FarmerAdvisor agent
INFO:root:Loaded 10000 farm records
INFO:root:Initializing MarketResearcher agent
INFO:root:Loaded 10000 market records
INFO:root:FarmerAdvisor processing message: 
INFO:root:MarketResearcher processing message: 
INFO:root:Initializing FarmerAdvisor agent
INFO:root:Loaded 10000 farm records
INFO:root:Initializing MarketResearcher agent
INFO:root:Loaded 10000 market records
INFO:root:FarmerAdvisor processing message: 
INFO:root:MarketResearcher processing message: 
INFO:root:Initializing FarmerAdvisor agent
INFO:root:Loaded 10000 farm records
INFO:root:Initializing MarketResearcher agent
INFO:root:Loaded 10000 market records
INFO:root:FarmerAdvisor processing message: Recommend crops for pH 6.2
INFO:root:MarketResearcher processing message: Recommend crops for pH 6.2
INFO:root:Initializing FarmerAdvisor agent
INFO:root:Loaded 10000 farm records
INFO:root:FarmerAdvisor processing message: Recommend crops for Farm_ID 1
INFO:root:Initializing FarmerAdvisor agent
INFO:root:Loaded 10000 farm records
INFO:root:FarmerAdvisor processing message: Recommend crops for Farm_ID 1
INFO:root:Initializing FarmerAdvisor agent
INFO:root:Loaded 10000 farm records
INFO:root:FarmerAdvisor processing message: Recommend crops for Farm_ID 1
INFO:root:Initializing FarmerAdvisor agent
INFO:root:Loaded 10000 farm records
INFO:root:FarmerAdvisor processing message: Recommend crops for Farm_ID 1
INFO:root:Initializing FarmerAdvisor agent
INFO:root:Loaded 10000 farm records
INFO:root:FarmerAdvisor processing message: Recommend crops for Farm_ID 1
INFO:root:Initializing FarmerAdvisor agent
INFO:root:Loaded 10000 farm records
INFO:root:FarmerAdvisor processing message: Recommend crops for Farm_ID 1
INFO:root:Initializing FarmerAdvisor agent
INFO:root:Loaded 10000 farm records
INFO:root:FarmerAdvisor processing message: Recommend crops for Farm_ID 1
INFO:root:Initializing FarmerAdvisor agent
INFO:root:Loaded 10000 farm records
INFO:root:FarmerAdvisor processing message: Recommend crops for Farm_ID 1
INFO:root:Initializing FarmerAdvisor agent
INFO:root:Loaded 10000 farm records
INFO:root:FarmerAdvisor processing message: Recommend crops for Farm_ID 1
INFO:root:Initializing FarmerAdvisor agent
INFO:root:Loaded 10000 farm records
INFO:root:FarmerAdvisor processing message: Recommend crops for Farm_ID 1
INFO:root:Initializing FarmerAdvisor agent
INFO:root:Loaded 10000 farm records
INFO:root:FarmerAdvisor processing message: Recommend crops for Farm_ID 1
INFO:root:Initializing FarmerAdvisor agent
INFO:root:Loaded 10000 farm records
INFO:root:Initializing MarketResearcher agent
INFO:root:Loaded 10000 market records
INFO:root:Initializing FarmerAdvisor agent
INFO:root:Loaded 10000 farm records
INFO:root:Initializing MarketResearcher agent
INFO:root:Loaded 10000 market records
INFO:root:Initializing FarmerAdvisor agent
INFO:root:Loaded 10000 farm records
INFO:root:Initializing MarketResearcher agent
INFO:root:Loaded 10000 market records
INFO:root:Initializing FarmerAdvisor agent
INFO:root:Loaded 10000 farm records
INFO:root:Initializing MarketResearcher agent
INFO:root:Loaded 10000 market records
INFO:root:Initializing FarmerAdvisor agent
INFO:root:Loaded 10000 farm records
INFO:root:Initializing MarketResearcher agent
INFO:root:Loaded 10000 market records
INFO:root:Initializing FarmerAdvisor agent
INFO:root:Loaded 10000 farm records
INFO:root:Initializing MarketResearcher agent
INFO:root:Loaded 10000 market records
INFO:root:Initializing FarmerAdvisor agent
INFO:root:Loaded 10000 farm records
INFO:root:Initializing MarketResearcher agent
INFO:root:Loaded 10000 market records
INFO:root:Initializing FarmerAdvisor agent
INFO:root:Loaded 10000 farm records
INFO:root:Initializing MarketResearcher agent
INFO:root:Loaded 10000 market records
INFO:root:Initializing FarmerAdvisor agent
INFO:root:Loaded 10000 farm records
INFO:root:Initializing MarketResearcher agent
INFO:root:Loaded 10000 market records
INFO:werkzeug:[31m[1mWARNING: This is a development server. Do not use it in a production deployment. Use a production WSGI server instead.[0m
 * Running on all addresses (0.0.0.0)
 * Running on http://127.0.0.1:5000
 * Running on http://192.168.1.10:5000
INFO:werkzeug:[33mPress CTRL+C to quit[0m
INFO:werkzeug: * Restarting with stat
INFO:root:Initializing FarmerAdvisor agent
INFO:root:Loaded 10000 farm records
INFO:root:Initializing MarketResearcher agent
INFO:root:Loaded 10000 market records
WARNING:werkzeug: * Debugger is active!
INFO:werkzeug: * Debugger PIN: 834-826-381
INFO:werkzeug:127.0.0.1 - - [10/Apr/2025 20:41:09] "GET /static/css/main.css HTTP/1.1" 200 -
INFO:werkzeug:127.0.0.1 - - [10/Apr/2025 20:41:18] "GET /static/js/main.js HTTP/1.1" 200 -
INFO:werkzeug:127.0.0.1 - - [10/Apr/2025 20:41:30] "GET /static/js/main.js HTTP/1.1" 200 -
INFO:werkzeug: * Detected change in 'D:\\farm_assistant\\Farm-Assistant\\app.py', reloading
INFO:werkzeug: * Restarting with stat
INFO:root:Initializing FarmerAdvisor agent
INFO:root:Loaded 10000 farm records
INFO:root:Initializing MarketResearcher agent
INFO:root:Loaded 10000 market records
WARNING:werkzeug: * Debugger is active!
INFO:werkzeug: * Debugger PIN: 834-826-381
INFO:werkzeug: * Detected change in 'D:\\farm_assistant\\Farm-Assistant\\app.py', reloading
INFO:werkzeug: * Restarting with stat
INFO:root:Initializing FarmerAdvisor agent
INFO:root:Loaded 10000 farm records
INFO:root:Initializing MarketResearcher agent
INFO:root:Loaded 10000 market records
INFO:werkzeug:[31m[1mWARNING: This is a development server. Do not use it in a production deployment. Use a production WSGI server instead.[0m
 * Running on all addresses (0.0.0.0)
 * Running on http://127.0.0.1:5000
 * Running on http://192.168.1.10:5000
INFO:werkzeug:[33mPress CTRL+C to quit[0m
INFO:werkzeug: * Restarting with stat
INFO:root:Initializing FarmerAdvisor agent
INFO:root:Loaded 10000 farm records
INFO:root:Initializing MarketResearcher agent
INFO:root:Loaded 10000 market records
WARNING:werkzeug: * Debugger is active!
INFO:werkzeug: * Debugger PIN: 834-826-381
INFO:werkzeug:127.0.0.1 - - [10/Apr/2025 20:49:05] "[35m[1mGET / HTTP/1.1[0m" 500 -
INFO:werkzeug:127.0.0.1 - - [10/Apr/2025 20:49:05] "GET /?__debugger__=yes&cmd=resource&f=style.css HTTP/1.1" 200 -
INFO:werkzeug:127.0.0.1 - - [10/Apr/2025 20:49:05] "GET /?__debugger__=yes&cmd=resource&f=debugger.js HTTP/1.1" 200 -
INFO:werkzeug:127.0.0.1 - - [10/Apr/2025 20:49:05] "[35m[1mGET / HTTP/1.1[0m" 500 -
INFO:werkzeug:127.0.0.1 - - [10/Apr/2025 20:49:05] "[36mGET /?__debugger__=yes&cmd=resource&f=style.css HTTP/1.1[0m" 304 -
INFO:werkzeug:127.0.0.1 - - [10/Apr/2025 20:49:06] "[36mGET /?__debugger__=yes&cmd=resource&f=debugger.js HTTP/1.1[0m" 304 -
INFO:werkzeug:127.0.0.1 - - [10/Apr/2025 20:49:06] "GET /?__debugger__=yes&cmd=resource&f=console.png&s=4neqHtMxo8oK9nCR9qBt HTTP/1.1" 200 -
INFO:werkzeug:127.0.0.1 - - [10/Apr/2025 20:49:06] "[36mGET /?__debugger__=yes&cmd=resource&f=console.png&s=4neqHtMxo8oK9nCR9qBt HTTP/1.1[0m" 304 -
INFO:werkzeug:127.0.0.1 - - [10/Apr/2025 20:49:06] "GET /?__debugger__=yes&cmd=resource&f=console.png HTTP/1.1" 200 -
INFO:werkzeug:127.0.0.1 - - [10/Apr/2025 20:49:06] "[36mGET /?__debugger__=yes&cmd=resource&f=console.png HTTP/1.1[0m" 304 -
INFO:werkzeug: * Detected change in 'D:\\farm_assistant\\Farm-Assistant\\app.py', reloading
INFO:werkzeug: * Restarting with stat
INFO:root:Initializing FarmerAdvisor agent
INFO:root:Loaded 10000 farm records
INFO:root:Initializing MarketResearcher agent
INFO:root:Loaded 10000 market records
WARNING:werkzeug: * Debugger is active!
INFO:werkzeug: * Debugger PIN: 834-826-381
INFO:werkzeug: * Detected change in 'D:\\farm_assistant\\Farm-Assistant\\app.py', reloading
INFO:werkzeug: * Restarting with stat
INFO:root:Initializing FarmerAdvisor agent
INFO:root:Loaded 10000 farm records
INFO:root:Initializing MarketResearcher agent
INFO:root:Loaded 10000 market records
WARNING:werkzeug: * Debugger is active!
INFO:werkzeug: * Debugger PIN: 834-826-381
INFO:werkzeug: * Detected change in 'D:\\farm_assistant\\Farm-Assistant\\app.py', reloading
INFO:werkzeug: * Restarting with stat
INFO:root:Initializing FarmerAdvisor agent
INFO:root:Loaded 10000 farm records
INFO:root:Initializing MarketResearcher agent
INFO:root:Loaded 10000 market records
INFO:werkzeug:[31m[1mWARNING: This is a development server. Do not use it in a production deployment. Use a production WSGI server instead.[0m
 * Running on all addresses (0.0.0.0)
 * Running on http://127.0.0.1:5000
 * Running on http://192.168.1.10:5000
INFO:werkzeug:[33mPress CTRL+C to quit[0m
INFO:werkzeug: * Restarting with stat
INFO:root:Initializing FarmerAdvisor agent
INFO:root:Loaded 10000 farm records
INFO:root:Initializing MarketResearcher agent
INFO:root:Loaded 10000 market records
WARNING:werkzeug: * Debugger is active!
INFO:werkzeug: * Debugger PIN: 834-826-381
INFO:werkzeug:127.0.0.1 - - [10/Apr/2025 20:52:32] "GET / HTTP/1.1" 200 -
INFO:werkzeug:127.0.0.1 - - [10/Apr/2025 20:52:32] "GET /static/css/main.css HTTP/1.1" 200 -
INFO:werkzeug:127.0.0.1 - - [10/Apr/2025 20:52:32] "GET /static/js/main.js HTTP/1.1" 200 -
INFO:werkzeug:127.0.0.1 - - [10/Apr/2025 20:52:47] "GET /charts/sustainability?crops=Rice,Soybean,Wheat HTTP/1.1" 200 -
INFO:werkzeug:127.0.0.1 - - [10/Apr/2025 20:52:51] "GET /charts/sustainability?crops=Soybean,Wheat HTTP/1.1" 200 -
INFO:werkzeug:127.0.0.1 - - [10/Apr/2025 20:52:53] "GET /charts/sustainability?crops=Wheat HTTP/1.1" 200 -
INFO:werkzeug:127.0.0.1 - - [10/Apr/2025 20:52:54] "GET /charts/sustainability?crops= HTTP/1.1" 200 -
INFO:werkzeug:127.0.0.1 - - [10/Apr/2025 20:52:55] "GET /charts/sustainability?crops=Corn HTTP/1.1" 200 -
INFO:werkzeug:127.0.0.1 - - [10/Apr/2025 20:52:56] "GET /charts/sustainability?crops=Corn,Rice HTTP/1.1" 200 -
INFO:werkzeug:127.0.0.1 - - [10/Apr/2025 20:52:58] "GET /charts/sustainability?crops=Corn,Rice,Soybean HTTP/1.1" 200 -
INFO:werkzeug:127.0.0.1 - - [10/Apr/2025 20:52:59] "GET /charts/sustainability?crops=Corn,Rice,Soybean,Wheat HTTP/1.1" 200 -
INFO:werkzeug:127.0.0.1 - - [10/Apr/2025 20:53:28] "GET /charts/sustainability?crops=Rice,Soybean,Wheat HTTP/1.1" 200 -
INFO:werkzeug:127.0.0.1 - - [10/Apr/2025 20:53:29] "GET /charts/sustainability?crops=Soybean,Wheat HTTP/1.1" 200 -
INFO:werkzeug:127.0.0.1 - - [10/Apr/2025 20:53:30] "GET /charts/sustainability?crops=Wheat HTTP/1.1" 200 -
INFO:werkzeug:127.0.0.1 - - [10/Apr/2025 20:53:31] "GET /charts/sustainability?crops= HTTP/1.1" 200 -
INFO:werkzeug:127.0.0.1 - - [10/Apr/2025 20:53:38] "GET /farm-input HTTP/1.1" 200 -
INFO:werkzeug:127.0.0.1 - - [10/Apr/2025 20:53:38] "[36mGET /static/css/main.css HTTP/1.1[0m" 304 -
INFO:werkzeug:127.0.0.1 - - [10/Apr/2025 20:53:38] "[36mGET /static/js/main.js HTTP/1.1[0m" 304 -
INFO:werkzeug:127.0.0.1 - - [10/Apr/2025 20:53:39] "[33mGET /favicon.ico HTTP/1.1[0m" 404 -
INFO:werkzeug:127.0.0.1 - - [10/Apr/2025 20:54:03] "[32mPOST /farm-input HTTP/1.1[0m" 302 -
INFO:root:Trained and saved model for Rice
INFO:werkzeug:127.0.0.1 - - [10/Apr/2025 20:54:04] "[35m[1mGET /recommendation?Farm_ID=189&Location=Karimnagar&Field_Size_hectare=1.0&Soil_pH=6.5&Soil_Type=Loam&Rainfall_mm=800.0&Temperature_C=25.0&Irrigation_Type=Sprinkler&Pesticide_Use_kg=2.0&Fertilizer_Use_kg=100.0 HTTP/1.1[0m" 500 -
INFO:werkzeug:127.0.0.1 - - [10/Apr/2025 20:54:04] "GET /recommendation?__debugger__=yes&cmd=resource&f=style.css HTTP/1.1" 200 -
INFO:werkzeug:127.0.0.1 - - [10/Apr/2025 20:54:04] "GET /recommendation?__debugger__=yes&cmd=resource&f=debugger.js HTTP/1.1" 200 -
INFO:werkzeug:127.0.0.1 - - [10/Apr/2025 20:54:05] "GET /recommendation?__debugger__=yes&cmd=resource&f=console.png&s=YOJnlpv93L224diJtcZi HTTP/1.1" 200 -
INFO:werkzeug:127.0.0.1 - - [10/Apr/2025 20:54:05] "GET /recommendation?__debugger__=yes&cmd=resource&f=console.png HTTP/1.1" 200 -
INFO:werkzeug: * Detected change in 'D:\\farm_assistant\\Farm-Assistant\\core\\yield_prediction.py', reloading
INFO:werkzeug: * Restarting with stat
INFO:root:Initializing FarmerAdvisor agent
INFO:root:Loaded 10000 farm records
INFO:root:Initializing MarketResearcher agent
INFO:root:Loaded 10000 market records
WARNING:werkzeug: * Debugger is active!
INFO:werkzeug: * Debugger PIN: 834-826-381
INFO:werkzeug: * Detected change in 'D:\\farm_assistant\\Farm-Assistant\\core\\yield_prediction.py', reloading
INFO:werkzeug: * Restarting with stat
INFO:root:Initializing FarmerAdvisor agent
INFO:root:Loaded 10000 farm records
INFO:root:Initializing MarketResearcher agent
INFO:root:Loaded 10000 market records
WARNING:werkzeug: * Debugger is active!
INFO:werkzeug: * Debugger PIN: 834-826-381
INFO:root:Initializing FarmerAdvisor agent
INFO:root:Loaded 10000 farm records
INFO:root:Initializing MarketResearcher agent
INFO:root:Loaded 10000 market records
INFO:werkzeug:[31m[1mWARNING: This is a development server. Do not use it in a production deployment. Use a production WSGI server instead.[0m
 * Running on all addresses (0.0.0.0)
 * Running on http://127.0.0.1:5000
 * Running on http://192.168.1.10:5000
INFO:werkzeug:[33mPress CTRL+C to quit[0m
INFO:werkzeug: * Restarting with stat
INFO:root:Initializing FarmerAdvisor agent
INFO:root:Loaded 10000 farm records
INFO:root:Initializing MarketResearcher agent
INFO:root:Loaded 10000 market records
WARNING:werkzeug: * Debugger is active!
INFO:werkzeug: * Debugger PIN: 834-826-381
INFO:werkzeug:127.0.0.1 - - [10/Apr/2025 20:56:46] "[32mPOST /farm-input HTTP/1.1[0m" 302 -
INFO:root:Trained and saved model for Rice
INFO:werkzeug:127.0.0.1 - - [10/Apr/2025 20:56:47] "[35m[1mGET /recommendation?Farm_ID=189&Location=Karimnagar&Field_Size_hectare=1.0&Soil_pH=6.5&Soil_Type=Loam&Rainfall_mm=800.0&Temperature_C=25.0&Irrigation_Type=Sprinkler&Pesticide_Use_kg=2.0&Fertilizer_Use_kg=100.0 HTTP/1.1[0m" 500 -
INFO:werkzeug:127.0.0.1 - - [10/Apr/2025 20:56:47] "[36mGET /recommendation?__debugger__=yes&cmd=resource&f=style.css HTTP/1.1[0m" 304 -
INFO:werkzeug:127.0.0.1 - - [10/Apr/2025 20:56:47] "[36mGET /recommendation?__debugger__=yes&cmd=resource&f=debugger.js HTTP/1.1[0m" 304 -
INFO:werkzeug:127.0.0.1 - - [10/Apr/2025 20:56:47] "GET /recommendation?__debugger__=yes&cmd=resource&f=console.png&s=Kzq9WcdcpepBJhDKoDkK HTTP/1.1" 200 -
INFO:werkzeug:127.0.0.1 - - [10/Apr/2025 20:56:53] "GET /farm-input HTTP/1.1" 200 -
INFO:werkzeug:127.0.0.1 - - [10/Apr/2025 20:56:53] "[36mGET /static/css/main.css HTTP/1.1[0m" 304 -
INFO:werkzeug:127.0.0.1 - - [10/Apr/2025 20:56:53] "[36mGET /static/js/main.js HTTP/1.1[0m" 304 -
INFO:werkzeug:127.0.0.1 - - [10/Apr/2025 20:57:13] "[32mPOST /farm-input HTTP/1.1[0m" 302 -
INFO:werkzeug:127.0.0.1 - - [10/Apr/2025 20:57:13] "[35m[1mGET /recommendation?Farm_ID=189&Location=Karimnagar&Field_Size_hectare=1.0&Soil_pH=6.5&Soil_Type=Loam&Rainfall_mm=800.0&Temperature_C=25.0&Irrigation_Type=Sprinkler&Pesticide_Use_kg=2.0&Fertilizer_Use_kg=100.0 HTTP/1.1[0m" 500 -
INFO:werkzeug:127.0.0.1 - - [10/Apr/2025 20:57:13] "[36mGET /recommendation?__debugger__=yes&cmd=resource&f=style.css HTTP/1.1[0m" 304 -
INFO:werkzeug:127.0.0.1 - - [10/Apr/2025 20:57:13] "[36mGET /recommendation?__debugger__=yes&cmd=resource&f=debugger.js HTTP/1.1[0m" 304 -
INFO:werkzeug:127.0.0.1 - - [10/Apr/2025 20:57:13] "[36mGET /recommendation?__debugger__=yes&cmd=resource&f=console.png&s=Kzq9WcdcpepBJhDKoDkK HTTP/1.1[0m" 304 -
INFO:werkzeug: * Detected change in 'D:\\farm_assistant\\Farm-Assistant\\core\\yield_prediction.py', reloading
INFO:werkzeug: * Restarting with stat
INFO:root:Initializing FarmerAdvisor agent
INFO:root:Loaded 10000 farm records
INFO:root:Initializing MarketResearcher agent
INFO:root:Loaded 10000 market records
WARNING:werkzeug: * Debugger is active!
INFO:werkzeug: * Debugger PIN: 834-826-381
INFO:root:Initializing FarmerAdvisor agent
INFO:root:Loaded 10000 farm records
INFO:root:Initializing MarketResearcher agent
INFO:root:Loaded 10000 market records
INFO:werkzeug:[31m[1mWARNING: This is a development server. Do not use it in a production deployment. Use a production WSGI server instead.[0m
 * Running on all addresses (0.0.0.0)
 * Running on http://127.0.0.1:5000
 * Running on http://192.168.1.10:5000
INFO:werkzeug:[33mPress CTRL+C to quit[0m
INFO:werkzeug: * Restarting with stat
INFO:root:Initializing FarmerAdvisor agent
INFO:root:Loaded 10000 farm records
INFO:root:Initializing MarketResearcher agent
INFO:root:Loaded 10000 market records
WARNING:werkzeug: * Debugger is active!
INFO:werkzeug: * Debugger PIN: 834-826-381
INFO:werkzeug:127.0.0.1 - - [10/Apr/2025 21:01:45] "GET /farm-input HTTP/1.1" 200 -
INFO:werkzeug:127.0.0.1 - - [10/Apr/2025 21:01:45] "[36mGET /static/css/main.css HTTP/1.1[0m" 304 -
INFO:werkzeug:127.0.0.1 - - [10/Apr/2025 21:01:46] "[36mGET /static/js/main.js HTTP/1.1[0m" 304 -
INFO:werkzeug:127.0.0.1 - - [10/Apr/2025 21:02:26] "[32mPOST /farm-input HTTP/1.1[0m" 302 -
INFO:root:Trained and saved model for Rice
INFO:root:Normalized data for prediction: {'Farm_ID': '1111', 'Location': 'Karimnagar', 'Field_Size_hectare': 1.0, 'Soil_pH': 6.5, 'Soil_Type': 'Loam', 'Rainfall_mm': 800.0, 'Temperature_C': 25.0, 'Irrigation_Type': 'Furrow', 'Pesticide_Use_kg': 2.0, 'Fertilizer_Use_kg': 100.0}
INFO:werkzeug:127.0.0.1 - - [10/Apr/2025 21:02:27] "[35m[1mGET /recommendation?Farm_ID=1111&Location=Karimnagar&Field_Size_hectare=1.0&Soil_pH=6.5&Soil_Type=Loam&Rainfall_mm=800.0&Temperature_C=25.0&Irrigation_Type=Furrow&Pesticide_Use_kg=2.0&Fertilizer_Use_kg=100.0 HTTP/1.1[0m" 500 -
INFO:werkzeug:127.0.0.1 - - [10/Apr/2025 21:02:27] "[36mGET /recommendation?__debugger__=yes&cmd=resource&f=style.css HTTP/1.1[0m" 304 -
INFO:werkzeug:127.0.0.1 - - [10/Apr/2025 21:02:27] "[36mGET /recommendation?__debugger__=yes&cmd=resource&f=debugger.js HTTP/1.1[0m" 304 -
INFO:werkzeug:127.0.0.1 - - [10/Apr/2025 21:02:27] "GET /recommendation?__debugger__=yes&cmd=resource&f=console.png&s=olMwcBrzaba1iWuTeqFh HTTP/1.1" 200 -
INFO:werkzeug: * Detected change in 'D:\\farm_assistant\\Farm-Assistant\\core\\yield_prediction.py', reloading
INFO:werkzeug: * Restarting with stat
INFO:root:Initializing FarmerAdvisor agent
INFO:root:Loaded 10000 farm records
INFO:root:Initializing MarketResearcher agent
INFO:root:Loaded 10000 market records
WARNING:werkzeug: * Debugger is active!
INFO:werkzeug: * Debugger PIN: 834-826-381
INFO:werkzeug: * Detected change in 'D:\\farm_assistant\\Farm-Assistant\\core\\yield_prediction.py', reloading
INFO:werkzeug: * Restarting with stat
INFO:root:Initializing FarmerAdvisor agent
INFO:root:Loaded 10000 farm records
INFO:root:Initializing MarketResearcher agent
INFO:root:Loaded 10000 market records
WARNING:werkzeug: * Debugger is active!
INFO:werkzeug: * Debugger PIN: 834-826-381
INFO:werkzeug: * Detected change in 'D:\\farm_assistant\\Farm-Assistant\\core\\yield_prediction.py', reloading
INFO:werkzeug: * Restarting with stat
INFO:root:Initializing FarmerAdvisor agent
INFO:root:Loaded 10000 farm records
INFO:root:Initializing MarketResearcher agent
INFO:root:Loaded 10000 market records
WARNING:werkzeug: * Debugger is active!
INFO:werkzeug: * Debugger PIN: 834-826-381
INFO:werkzeug: * Detected change in 'D:\\farm_assistant\\Farm-Assistant\\core\\yield_prediction.py', reloading
INFO:werkzeug: * Restarting with stat
INFO:root:Initializing FarmerAdvisor agent
INFO:root:Loaded 10000 farm records
INFO:root:Initializing MarketResearcher agent
INFO:root:Loaded 10000 market records
WARNING:werkzeug: * Debugger is active!
INFO:werkzeug: * Debugger PIN: 834-826-381
INFO:werkzeug: * Detected change in 'D:\\farm_assistant\\Farm-Assistant\\core\\yield_prediction.py', reloading
INFO:werkzeug: * Restarting with stat
INFO:root:Initializing FarmerAdvisor agent
INFO:root:Loaded 10000 farm records
INFO:root:Initializing MarketResearcher agent
INFO:root:Loaded 10000 market records
WARNING:werkzeug: * Debugger is active!
INFO:werkzeug: * Debugger PIN: 834-826-381
INFO:werkzeug: * Detected change in 'D:\\farm_assistant\\Farm-Assistant\\core\\yield_prediction.py', reloading
INFO:werkzeug: * Restarting with stat
INFO:root:Initializing FarmerAdvisor agent
INFO:root:Loaded 10000 farm records
INFO:root:Initializing MarketResearcher agent
INFO:root:Loaded 10000 market records
WARNING:werkzeug: * Debugger is active!
INFO:werkzeug: * Debugger PIN: 834-826-381
INFO:root:Initializing FarmerAdvisor agent
INFO:root:Loaded 10000 farm records
INFO:root:Initializing MarketResearcher agent
INFO:root:Loaded 10000 market records
INFO:werkzeug:[31m[1mWARNING: This is a development server. Do not use it in a production deployment. Use a production WSGI server instead.[0m
 * Running on all addresses (0.0.0.0)
 * Running on http://127.0.0.1:5000
 * Running on http://192.168.1.10:5000
INFO:werkzeug:[33mPress CTRL+C to quit[0m
INFO:werkzeug: * Restarting with stat
INFO:root:Initializing FarmerAdvisor agent
INFO:root:Loaded 10000 farm records
INFO:root:Initializing MarketResearcher agent
INFO:root:Loaded 10000 market records
WARNING:werkzeug: * Debugger is active!
INFO:werkzeug: * Debugger PIN: 834-826-381
INFO:werkzeug:127.0.0.1 - - [10/Apr/2025 21:20:54] "GET /farm-input HTTP/1.1" 200 -
INFO:werkzeug:127.0.0.1 - - [10/Apr/2025 21:20:56] "GET /farm-input HTTP/1.1" 200 -
INFO:werkzeug:127.0.0.1 - - [10/Apr/2025 21:20:56] "[36mGET /static/css/main.css HTTP/1.1[0m" 304 -
INFO:werkzeug:127.0.0.1 - - [10/Apr/2025 21:20:56] "[36mGET /static/js/main.js HTTP/1.1[0m" 304 -
INFO:werkzeug:127.0.0.1 - - [10/Apr/2025 21:20:57] "GET /farm-input HTTP/1.1" 200 -
INFO:werkzeug:127.0.0.1 - - [10/Apr/2025 21:20:57] "[36mGET /static/css/main.css HTTP/1.1[0m" 304 -
INFO:werkzeug:127.0.0.1 - - [10/Apr/2025 21:20:57] "[36mGET /static/js/main.js HTTP/1.1[0m" 304 -
INFO:werkzeug:127.0.0.1 - - [10/Apr/2025 21:21:13] "[32mPOST /farm-input HTTP/1.1[0m" 302 -
INFO:root:Trained and saved model for Rice
INFO:root:Normalized data for prediction: {'Farm_ID': '1111', 'Location': 'Karimnagar', 'Soil_Moisture': 1.0, 'Soil_pH': 6.5, 'Soil_Type': 'Loam', 'Rainfall_mm': 800.0, 'Temperature_C': 25.0, 'Irrigation_Type': 'Furrow', 'Pesticide_Usage_kg': 2.0, 'Fertilizer_Usage_kg': 100.0}
INFO:root:MarketResearcher processing message: Forecast prices for Rice
INFO:root:Trained and saved model for Wheat
INFO:root:Normalized data for prediction: {'Farm_ID': '1111', 'Location': 'Karimnagar', 'Soil_Moisture': 1.0, 'Soil_pH': 6.5, 'Soil_Type': 'Loam', 'Rainfall_mm': 800.0, 'Temperature_C': 25.0, 'Irrigation_Type': 'Furrow', 'Pesticide_Usage_kg': 2.0, 'Fertilizer_Usage_kg': 100.0}
INFO:root:MarketResearcher processing message: Forecast prices for Wheat
INFO:root:Normalized data for prediction: {'Farm_ID': '1111', 'Location': 'Karimnagar', 'Soil_Moisture': 1.0, 'Soil_pH': 6.5, 'Soil_Type': 'Loam', 'Rainfall_mm': 800.0, 'Temperature_C': 25.0, 'Irrigation_Type': 'Furrow', 'Pesticide_Usage_kg': 2.0, 'Fertilizer_Usage_kg': 100.0}
INFO:root:MarketResearcher processing message: Forecast prices for Wheat
INFO:werkzeug:127.0.0.1 - - [10/Apr/2025 21:21:15] "GET /recommendation?Farm_ID=1111&Location=Karimnagar&Field_Size_hectare=1.0&Soil_pH=6.5&Soil_Type=Loam&Rainfall_mm=800.0&Temperature_C=25.0&Irrigation_Type=Furrow&Pesticide_Use_kg=2.0&Fertilizer_Use_kg=100.0 HTTP/1.1" 200 -
INFO:werkzeug:127.0.0.1 - - [10/Apr/2025 21:21:15] "[36mGET /static/css/main.css HTTP/1.1[0m" 304 -
INFO:werkzeug:127.0.0.1 - - [10/Apr/2025 21:21:15] "[36mGET /static/js/main.js HTTP/1.1[0m" 304 -
INFO:werkzeug:127.0.0.1 - - [10/Apr/2025 21:30:12] "GET / HTTP/1.1" 200 -
INFO:werkzeug:127.0.0.1 - - [10/Apr/2025 21:30:12] "[36mGET /static/css/main.css HTTP/1.1[0m" 304 -
INFO:werkzeug:127.0.0.1 - - [10/Apr/2025 21:30:12] "[36mGET /static/js/main.js HTTP/1.1[0m" 304 -
INFO:werkzeug:127.0.0.1 - - [10/Apr/2025 21:30:12] "GET /charts/sustainability?crops=Corn,Rice,Soybean,Wheat HTTP/1.1" 200 -
INFO:werkzeug:127.0.0.1 - - [10/Apr/2025 21:30:27] "GET /api/crop-rotation?crop=Corn&nitrogen=-1 HTTP/1.1" 200 -
INFO:werkzeug:127.0.0.1 - - [10/Apr/2025 21:30:37] "GET /api/crop-rotation?crop=Corn&nitrogen=1 HTTP/1.1" 200 -
INFO:werkzeug:127.0.0.1 - - [10/Apr/2025 21:30:45] "GET /api/crop-rotation?crop=Corn&nitrogen=0 HTTP/1.1" 200 -
INFO:werkzeug:127.0.0.1 - - [10/Apr/2025 21:30:48] "GET /api/crop-rotation?crop=Soybean&nitrogen=0 HTTP/1.1" 200 -
INFO:werkzeug:127.0.0.1 - - [10/Apr/2025 21:30:52] "GET /api/crop-rotation?crop=Soybean&nitrogen=-1 HTTP/1.1" 200 -
INFO:werkzeug:127.0.0.1 - - [10/Apr/2025 21:30:53] "GET /api/crop-rotation?crop=Soybean&nitrogen=-1 HTTP/1.1" 200 -
INFO:werkzeug:127.0.0.1 - - [10/Apr/2025 21:31:00] "GET /weather?location=Adilabad HTTP/1.1" 200 -
INFO:werkzeug:127.0.0.1 - - [10/Apr/2025 21:31:00] "[36mGET /static/css/main.css HTTP/1.1[0m" 304 -
INFO:werkzeug:127.0.0.1 - - [10/Apr/2025 21:31:00] "[36mGET /static/js/main.js HTTP/1.1[0m" 304 -
INFO:werkzeug:127.0.0.1 - - [10/Apr/2025 21:34:17] "GET /weather?location=Adilabad HTTP/1.1" 200 -
INFO:werkzeug:127.0.0.1 - - [10/Apr/2025 21:34:17] "[36mGET /static/css/main.css HTTP/1.1[0m" 304 -
INFO:werkzeug:127.0.0.1 - - [10/Apr/2025 21:34:18] "[36mGET /static/js/main.js HTTP/1.1[0m" 304 -
INFO:werkzeug:127.0.0.1 - - [10/Apr/2025 21:34:21] "GET /weather?location=Nizamabad HTTP/1.1" 200 -
INFO:werkzeug:127.0.0.1 - - [10/Apr/2025 21:34:21] "[36mGET /static/css/main.css HTTP/1.1[0m" 304 -
INFO:werkzeug:127.0.0.1 - - [10/Apr/2025 21:34:21] "[36mGET /static/js/main.js HTTP/1.1[0m" 304 -
INFO:werkzeug:127.0.0.1 - - [10/Apr/2025 21:34:55] "GET /weather?location=Warangal HTTP/1.1" 200 -
INFO:werkzeug:127.0.0.1 - - [10/Apr/2025 21:34:55] "[36mGET /static/css/main.css HTTP/1.1[0m" 304 -
INFO:werkzeug:127.0.0.1 - - [10/Apr/2025 21:34:55] "[36mGET /static/js/main.js HTTP/1.1[0m" 304 -
INFO:werkzeug:127.0.0.1 - - [10/Apr/2025 21:35:23] "GET / HTTP/1.1" 200 -
INFO:werkzeug:127.0.0.1 - - [10/Apr/2025 21:35:23] "[36mGET /static/css/main.css HTTP/1.1[0m" 304 -
INFO:werkzeug:127.0.0.1 - - [10/Apr/2025 21:35:23] "[36mGET /static/js/main.js HTTP/1.1[0m" 304 -
INFO:werkzeug:127.0.0.1 - - [10/Apr/2025 21:35:23] "GET /charts/sustainability?crops=Corn,Rice,Soybean,Wheat HTTP/1.1" 200 -
INFO:werkzeug:127.0.0.1 - - [10/Apr/2025 21:37:12] "GET /charts/sustainability?crops=Rice,Soybean,Wheat HTTP/1.1" 200 -
INFO:werkzeug:127.0.0.1 - - [10/Apr/2025 21:37:12] "GET /charts/sustainability?crops=Soybean,Wheat HTTP/1.1" 200 -
INFO:werkzeug:127.0.0.1 - - [10/Apr/2025 21:37:13] "GET /charts/sustainability?crops=Wheat HTTP/1.1" 200 -
INFO:werkzeug:127.0.0.1 - - [10/Apr/2025 21:37:14] "GET /charts/sustainability?crops= HTTP/1.1" 200 -
INFO:werkzeug:127.0.0.1 - - [10/Apr/2025 21:37:36] "GET /charts/sustainability?crops=Rice HTTP/1.1" 200 -
INFO:werkzeug:127.0.0.1 - - [10/Apr/2025 21:37:36] "GET /charts/sustainability?crops=Corn,Rice HTTP/1.1" 200 -
INFO:werkzeug:127.0.0.1 - - [10/Apr/2025 21:38:16] "GET /charts/sustainability?crops=Corn,Rice,Soybean HTTP/1.1" 200 -
INFO:werkzeug:127.0.0.1 - - [10/Apr/2025 21:38:19] "GET /charts/sustainability?crops=Corn,Rice,Soybean,Wheat HTTP/1.1" 200 -
INFO:werkzeug:127.0.0.1 - - [10/Apr/2025 21:39:18] "GET /weather HTTP/1.1" 200 -
INFO:werkzeug:127.0.0.1 - - [10/Apr/2025 21:39:18] "[36mGET /static/css/main.css HTTP/1.1[0m" 304 -
INFO:werkzeug:127.0.0.1 - - [10/Apr/2025 21:39:18] "[36mGET /static/js/main.js HTTP/1.1[0m" 304 -
INFO:werkzeug: * Detected change in 'D:\\farm_assistant\\Farm-Assistant\\app.py', reloading
INFO:werkzeug: * Restarting with stat
INFO:root:Initializing FarmerAdvisor agent
INFO:root:Loaded 10000 farm records
INFO:root:Initializing MarketResearcher agent
INFO:root:Loaded 10000 market records
WARNING:werkzeug: * Debugger is active!
INFO:werkzeug: * Debugger PIN: 834-826-381
INFO:werkzeug: * Detected change in 'D:\\farm_assistant\\Farm-Assistant\\app.py', reloading
INFO:werkzeug: * Restarting with stat
INFO:root:Initializing FarmerAdvisor agent
INFO:root:Loaded 10000 farm records
INFO:root:Initializing MarketResearcher agent
INFO:root:Loaded 10000 market records
WARNING:werkzeug: * Debugger is active!
INFO:werkzeug: * Debugger PIN: 834-826-381
INFO:root:Initializing FarmerAdvisor agent
INFO:root:Loaded 10000 farm records
INFO:root:Initializing MarketResearcher agent
INFO:root:Loaded 10000 market records
INFO:werkzeug:[31m[1mWARNING: This is a development server. Do not use it in a production deployment. Use a production WSGI server instead.[0m
 * Running on all addresses (0.0.0.0)
 * Running on http://127.0.0.1:5000
 * Running on http://192.168.1.10:5000
INFO:werkzeug:[33mPress CTRL+C to quit[0m
INFO:werkzeug: * Restarting with stat
INFO:root:Initializing FarmerAdvisor agent
INFO:root:Loaded 10000 farm records
INFO:root:Initializing MarketResearcher agent
INFO:root:Loaded 10000 market records
WARNING:werkzeug: * Debugger is active!
INFO:werkzeug: * Debugger PIN: 834-826-381
INFO:werkzeug:127.0.0.1 - - [10/Apr/2025 21:41:27] "GET / HTTP/1.1" 200 -
INFO:werkzeug:127.0.0.1 - - [10/Apr/2025 21:41:28] "[36mGET /static/css/main.css HTTP/1.1[0m" 304 -
INFO:werkzeug:127.0.0.1 - - [10/Apr/2025 21:41:28] "[36mGET /static/js/main.js HTTP/1.1[0m" 304 -
INFO:werkzeug:127.0.0.1 - - [10/Apr/2025 21:41:28] "GET /charts/sustainability?crops=Corn,Rice,Soybean,Wheat HTTP/1.1" 200 -
INFO:werkzeug:127.0.0.1 - - [10/Apr/2025 21:42:28] "GET / HTTP/1.1" 200 -
INFO:werkzeug:127.0.0.1 - - [10/Apr/2025 21:42:28] "[36mGET /static/css/main.css HTTP/1.1[0m" 304 -
INFO:werkzeug:127.0.0.1 - - [10/Apr/2025 21:42:28] "[36mGET /static/js/main.js HTTP/1.1[0m" 304 -
INFO:werkzeug:127.0.0.1 - - [10/Apr/2025 21:42:29] "GET /charts/sustainability?crops=Corn,Rice,Soybean,Wheat HTTP/1.1" 200 -
INFO:werkzeug:127.0.0.1 - - [10/Apr/2025 21:42:40] "GET /charts/sustainability?crops=Rice,Soybean,Wheat HTTP/1.1" 200 -
INFO:werkzeug:127.0.0.1 - - [10/Apr/2025 21:42:41] "GET /charts/sustainability?crops=Soybean,Wheat HTTP/1.1" 200 -
INFO:werkzeug:127.0.0.1 - - [10/Apr/2025 21:42:43] "GET /charts/sustainability?crops=Wheat HTTP/1.1" 200 -
INFO:werkzeug:127.0.0.1 - - [10/Apr/2025 21:42:44] "GET /charts/sustainability?crops=Rice,Wheat HTTP/1.1" 200 -
INFO:werkzeug:127.0.0.1 - - [10/Apr/2025 21:42:45] "GET /charts/sustainability?crops=Rice HTTP/1.1" 200 -
INFO:werkzeug:127.0.0.1 - - [10/Apr/2025 21:42:47] "GET /charts/sustainability?crops=Corn,Rice HTTP/1.1" 200 -
INFO:werkzeug:127.0.0.1 - - [10/Apr/2025 21:42:48] "GET /charts/sustainability?crops=Corn,Rice,Soybean HTTP/1.1" 200 -
INFO:werkzeug:127.0.0.1 - - [10/Apr/2025 21:42:49] "GET /charts/sustainability?crops=Corn,Rice,Soybean,Wheat HTTP/1.1" 200 -
